<?xml version="1.0" encoding="UTF-8"?>
<testsuite xmlns:xsi="http://www.w3.org/2001/XMLSchema-instance" xsi:noNamespaceSchemaLocation="https://maven.apache.org/surefire/maven-surefire-plugin/xsd/surefire-test-report-3.0.xsd" version="3.0" name="test.java.BusTest" time="0.023" tests="20" errors="0" skipped="0" failures="0">
  <properties>
[...]
</properties>
  <testcase name="testB4_fourYearsNotAllowed" classname="test.java.BusTest" time="0.001"/>
  <testcase name="testB4_inexperiencedDriverNotAllowed" classname="test.java.BusTest" time="0.001"/>
  <testcase name="testB4_experiencedDriverAllowed" classname="test.java.BusTest" time="0.001"/>
  <testcase name="testB2_sameCapacityAllowed" classname="test.java.BusTest" time="0.003"/>
  <testcase name="testB5_mediumLicenceCannotDriveHybrid" classname="test.java.BusTest" time="0.0"/>
  <testcase name="testB5_heavyLicenceCanDriveElectric" classname="test.java.BusTest" time="0.0"/>
  <testcase name="testB1_duplicateBusID" classname="test.java.BusTest" time="0.002"/>
  <testcase name="testB4_dieselNoRestriction" classname="test.java.BusTest" time="0.001"/>
  <testcase name="testB2_capacityCannotIncrease" classname="test.java.BusTest" time="0.002"/>
  <testcase name="testB1_tooLong" classname="test.java.BusTest" time="0.001"/>
  <testcase name="testB1_containsLetters" classname="test.java.BusTest" time="0.0"/>
  <testcase name="testB5_lightLicenceCanDriveDiesel" classname="test.java.BusTest" time="0.0"/>
  <testcase name="testB3_youngDriverAllowed" classname="test.java.BusTest" time="0.0"/>
  <testcase name="testB2_capacityCanDecrease" classname="test.java.BusTest" time="0.001"/>
  <testcase name="testB5_publicTransportCanDriveHybrid" classname="test.java.BusTest" time="0.002"/>
  <testcase name="testB5_lightLicenceCannotDriveElectric" classname="test.java.BusTest" time="0.001"/>
  <testcase name="testB3_exactlyAge50Allowed" classname="test.java.BusTest" time="0.0"/>
  <testcase name="testB1_tooShort" classname="test.java.BusTest" time="0.001"/>
  <testcase name="testB3_oldDriverNotAllowed" classname="test.java.BusTest" time="0.0"/>
  <testcase name="testB1_validBusID" classname="test.java.BusTest" time="0.0"/>
</testsuite>